<?xml version="1.0" encoding="UTF-8"?>
<!-- Generated by org.testng.reporters.JUnitReportReporter -->
<testsuite hostname="DESKTOP-GE28M2O" failures="0" tests="6" name="BusinessLogic.Login_Page" time="46.055" errors="0" timestamp="2024-08-24T14:43:27 IST" skipped="0">
  <testcase classname="BusinessLogic.Login_Page" name="logIn" time="1.452"/>
  <system-out/>
  <testcase classname="BusinessLogic.Login_Page" name="logIn" time="2.299"/>
  <system-out/>
  <testcase classname="BusinessLogic.Login_Page" name="logIn" time="2.280"/>
  <system-out/>
  <testcase classname="BusinessLogic.Login_Page" name="logIn" time="1.775"/>
  <system-out/>
  <testcase classname="BusinessLogic.Login_Page" name="logIn" time="1.567"/>
  <system-out/>
  <testcase classname="BusinessLogic.Login_Page" name="loginByDDF" time="36.682"/>
  <system-out/>
</testsuite> <!-- BusinessLogic.Login_Page -->
