<?xml version="1.0" encoding="UTF-8"?>
<!-- Generated by org.testng.reporters.JUnitReportReporter -->
<testsuite hostname="DESKTOP-GE28M2O" failures="0" tests="1" name="BusinessLogic.Logout_Page" time="1.318" errors="0" timestamp="2024-08-24T14:43:27 IST" skipped="0">
  <testcase classname="BusinessLogic.Logout_Page" name="tearDown" time="1.318"/>
  <system-out/>
</testsuite> <!-- BusinessLogic.Logout_Page -->
